panic: [/data/server/ting_server/src/app/yut/ting_server.go/61]: Error 1045: Access denied for user 'root'@'172.21.1.1' (using password: YES) [recovered]
	panic: [/data/server/ting_server/src/app/yut/ting_server.go/37]: Bug [/data/server/ting_server/src/app/yut/ting_server.go/61]: Error 1045: Access denied for user 'root'@'172.21.1.1' (using password: YES)

goroutine 1 [running]:
app/yut/utils.PanicExt(0x929465, 0x6, 0xc000071bf8, 0x1, 0x1)
	/data/server/ting_server/src/app/yut/utils/sys_wrapper.go:14 +0x1b0
main.main.func1()
	/data/server/ting_server/src/app/yut/ting_server.go:37 +0xe5
panic(0x88aea0, 0xc00002a1d0)
	/usr/local/go/src/runtime/panic.go:969 +0x175
app/yut/utils.PanicExt(0xc000028050, 0x4c, 0x0, 0x0, 0x0)
	/data/server/ting_server/src/app/yut/utils/sys_wrapper.go:14 +0x1b0
main.main()
	/data/server/ting_server/src/app/yut/ting_server.go:61 +0xd39
2021/01/06 16:16:20 unmarshal httpvalues: &{admin dd05b42765c27365a11d17d48990da51} 
2021/01/06 16:16:20 unmarshal httpvalues: &{admin dd05b42765c27365a11d17d48990da51} 
2021/01/06 16:16:25 unmarshal httpvalues: &{admin e10adc3949ba59abbe56e057f20f883e} 
2021/01/06 16:16:29 unmarshal httpvalues: &{1} 
2021/01/06 16:16:34 unmarshal httpvalues: &{1 1} 
2021/01/06 16:16:44 unmarshal httpvalues: &{1 新建位图图像_2021-01-06-16-16-40.bmp asasas} 
2021/01/06 16:16:44 unmarshal httpvalues: &{1 1} 
2021/01/06 16:17:40 unmarshal httpvalues: &{1 微信图片_20201104110910_2021-01-06-16-17-36.jpg asasas} 
2021/01/06 16:17:40 unmarshal httpvalues: &{1 1} 
2021/01/06 16:17:42 unmarshal httpvalues: &{1} 
2021/01/06 16:17:42 unmarshal httpvalues: &{1 1} 
2021/01/06 16:18:31 unmarshal httpvalues: &{1 新建位图图像_2021-01-06-16-18-29.bmp asasas} 
2021/01/06 16:18:31 unmarshal httpvalues: &{1 1} 
2021/01/06 16:18:40 unmarshal httpvalues: &{3} 
2021/01/06 16:18:41 unmarshal httpvalues: &{1 1} 
2021/01/06 16:18:49 unmarshal httpvalues: &{2} 
2021/01/06 16:18:49 unmarshal httpvalues: &{1 1} 
