[2021/01/06 16:14:10 CST] [DEBG] (app/yut/manager/authManager.(*authManager).Load:95) request url init sucess
[2021/01/06 16:14:10 CST] [DEBG] (main.main:103) api server start :8089
[2021/01/06 16:14:10 CST] [DEBG] (main.main:112) static server start: 9000
[2021/01/06 16:16:11 CST] [DEBG] (main.ApiMiddleware.func1:26) request ===> url:[/api/user/logout] method:[POST] data:[]
[2021/01/06 16:16:20 CST] [DEBG] (main.ApiMiddleware.func1:26) request ===> url:[/api/user/login] method:[POST] data:[password=dd05b42765c27365a11d17d48990da51&username=admin]
[2021/01/06 16:16:20 CST] [EROR] (app/yut/proto/netproto.outputJson:32) {"data":{"msg":"user [admin] not found","username":"admin"},"status":-1}
[2021/01/06 16:16:20 CST] [DEBG] (main.ApiMiddleware.func1:26) request ===> url:[/api/user/login] method:[POST] data:[password=dd05b42765c27365a11d17d48990da51&username=admin]
[2021/01/06 16:16:20 CST] [EROR] (app/yut/proto/netproto.outputJson:32) {"data":{"msg":"user [admin] not found","username":"admin"},"status":-1}
[2021/01/06 16:16:25 CST] [DEBG] (main.ApiMiddleware.func1:26) request ===> url:[/api/user/login] method:[POST] data:[password=e10adc3949ba59abbe56e057f20f883e&username=admin]
[2021/01/06 16:16:25 CST] [DEBG] (main.ApiMiddleware.func1:26) request ===> url:[/api/user/menulist] method:[POST] data:[]
[2021/01/06 16:16:29 CST] [DEBG] (main.ApiMiddleware.func1:26) request ===> url:[/api/blog/user-categories] method:[POST] data:[]
[2021/01/06 16:16:29 CST] [DEBG] (main.ApiMiddleware.func1:26) request ===> url:[/api/blog/user-categories] method:[POST] data:[]
[2021/01/06 16:16:29 CST] [DEBG] (main.ApiMiddleware.func1:26) request ===> url:[/api/blog/user-blogs-pagenate] method:[POST] data:[cur_page=1]
[2021/01/06 16:16:29 CST] [EROR] (app/yut/proto/netproto.outputJson:32) {"data":{"msg":"page not exists","datalist":null,"cur_page":0,"total_page":0},"status":-1}
[2021/01/06 16:16:31 CST] [DEBG] (main.ApiMiddleware.func1:26) request ===> url:[/api/blog/user-categories] method:[POST] data:[]
[2021/01/06 16:16:34 CST] [DEBG] (main.ApiMiddleware.func1:26) request ===> url:[/api/user/reslist-pagenate] method:[POST] data:[cur_page=1&res_type=1]
[2021/01/06 16:16:38 CST] [DEBG] (main.ApiMiddleware.func1:26) request ===> url:[/api/user/upload-image] method:[OPTIONS] data:[]
[2021/01/06 16:16:38 CST] [EROR] (app/yut/proto/netproto.outputJson:32) {"data":{"msg":"Not Support Method:OPTIONS"},"status":101}
[2021/01/06 16:16:38 CST] [DEBG] (main.ApiMiddleware.func1:26) request ===> url:[/api/user/upload-image] method:[POST] data:[]
[2021/01/06 16:16:44 CST] [DEBG] (main.ApiMiddleware.func1:26) request ===> url:[/api/user/upload-res] method:[POST] data:[res_desc=asasas&res_name=%E6%96%B0%E5%BB%BA%E4%BD%8D%E5%9B%BE%E5%9B%BE%E5%83%8F_2021-01-06-16-16-40.bmp&res_type=1]
[2021/01/06 16:16:44 CST] [DEBG] (main.ApiMiddleware.func1:26) request ===> url:[/api/user/reslist-pagenate] method:[POST] data:[cur_page=1&res_type=1]
[2021/01/06 16:17:36 CST] [DEBG] (main.ApiMiddleware.func1:26) request ===> url:[/api/user/upload-image] method:[OPTIONS] data:[]
[2021/01/06 16:17:36 CST] [EROR] (app/yut/proto/netproto.outputJson:32) {"data":{"msg":"Not Support Method:OPTIONS"},"status":101}
[2021/01/06 16:17:36 CST] [DEBG] (main.ApiMiddleware.func1:26) request ===> url:[/api/user/upload-image] method:[POST] data:[]
[2021/01/06 16:17:40 CST] [DEBG] (main.ApiMiddleware.func1:26) request ===> url:[/api/user/upload-res] method:[POST] data:[res_desc=asasas&res_name=%E5%BE%AE%E4%BF%A1%E5%9B%BE%E7%89%87_20201104110910_2021-01-06-16-17-36.jpg&res_type=1]
[2021/01/06 16:17:40 CST] [DEBG] (main.ApiMiddleware.func1:26) request ===> url:[/api/user/reslist-pagenate] method:[POST] data:[cur_page=1&res_type=1]
[2021/01/06 16:17:42 CST] [DEBG] (main.ApiMiddleware.func1:26) request ===> url:[/api/user/res-delete] method:[POST] data:[id=1]
[2021/01/06 16:17:42 CST] [DEBG] (main.ApiMiddleware.func1:26) request ===> url:[/api/user/reslist-pagenate] method:[POST] data:[cur_page=1&res_type=1]
[2021/01/06 16:18:26 CST] [DEBG] (main.ApiMiddleware.func1:26) request ===> url:[/api/user/upload-image] method:[OPTIONS] data:[]
[2021/01/06 16:18:26 CST] [EROR] (app/yut/proto/netproto.outputJson:32) {"data":{"msg":"Not Support Method:OPTIONS"},"status":101}
[2021/01/06 16:18:26 CST] [DEBG] (main.ApiMiddleware.func1:26) request ===> url:[/api/user/upload-image] method:[POST] data:[]
[2021/01/06 16:18:31 CST] [DEBG] (main.ApiMiddleware.func1:26) request ===> url:[/api/user/upload-res] method:[POST] data:[res_desc=asasas&res_name=%E6%96%B0%E5%BB%BA%E4%BD%8D%E5%9B%BE%E5%9B%BE%E5%83%8F_2021-01-06-16-18-29.bmp&res_type=1]
[2021/01/06 16:18:31 CST] [DEBG] (main.ApiMiddleware.func1:26) request ===> url:[/api/user/reslist-pagenate] method:[POST] data:[cur_page=1&res_type=1]
[2021/01/06 16:18:40 CST] [DEBG] (main.ApiMiddleware.func1:26) request ===> url:[/api/user/res-delete] method:[POST] data:[id=3]
[2021/01/06 16:18:41 CST] [DEBG] (main.ApiMiddleware.func1:26) request ===> url:[/api/user/reslist-pagenate] method:[POST] data:[cur_page=1&res_type=1]
[2021/01/06 16:18:49 CST] [DEBG] (main.ApiMiddleware.func1:26) request ===> url:[/api/user/res-delete] method:[POST] data:[id=2]
[2021/01/06 16:18:49 CST] [DEBG] (main.ApiMiddleware.func1:26) request ===> url:[/api/user/reslist-pagenate] method:[POST] data:[cur_page=1&res_type=1]
